#
# A fatal error has been detected by the Java Runtime Environment:
#
#  EXCEPTION_ACCESS_VIOLATION (0xc0000005) at pc=0x00000000164bf824, pid=17936, tid=7844
#
# JRE version: Java(TM) SE Runtime Environment (7.0_67-b01) (build 1.7.0_67-b01)
# Java VM: Java HotSpot(TM) 64-Bit Server VM (24.65-b04 mixed mode windows-amd64 compressed oops)
# Problematic frame:
# C  [nvoglv64.DLL+0xcbf824]
#
# Failed to write core dump. Minidumps are not enabled by default on client versions of Windows
#
# If you would like to submit a bug report, please visit:
#   http://bugreport.sun.com/bugreport/crash.jsp
# The crash happened outside the Java Virtual Machine in native code.
# See problematic frame for where to report the bug.
#

---------------  T H R E A D  ---------------

Current thread (0x0000000002249000):  JavaThread "main" [_thread_in_native, id=7844, stack(0x0000000002550000,0x0000000002650000)]

siginfo: ExceptionCode=0xc0000005, reading address 0x0000000000000000

Registers:
RAX=0x0000000000000000, RBX=0x000000000642ec30, RCX=0x0000000000000003, RDX=0x0000000000000000
RSP=0x000000000264e7f0, RBP=0x0000000000000000, RSI=0x0000000000000000, RDI=0x000000000642f08a
R8 =0x00000000063e0000, R9 =0x0000000000000003, R10=0x0000000000000000, R11=0x000000001ac8dad2
R12=0x0000000015800000, R13=0x0000000000000000, R14=0x000000000000000f, R15=0x0000000000000003
RIP=0x00000000164bf824, EFLAGS=0x0000000000010287

Top of Stack: (sp=0x000000000264e7f0)
0x000000000264e7f0:   0000000000000000 000000001ac8dacc
0x000000000264e800:   3f13c000bf13c000 00000000bf13c000
0x000000000264e810:   000000000642f01a 00000000161be698
0x000000000264e820:   000000000642ec30 000000000642f01a
0x000000000264e830:   0000000000000000 00000000063e0000
0x000000000264e840:   000000001ac8d140 00000000160d98d6
0x000000000264e850:   0000000600000000 0000000000000004
0x000000000264e860:   000000000642f100 00000000162f5d88
0x000000000264e870:   000000001ac8d100 000000000000007f
0x000000000264e880:   0000000000000000 000000001ac91a70
0x000000000264e890:   0000000000000004 0000000000000024
0x000000000264e8a0:   00000006fb31ea98 0000000000000004
0x000000000264e8b0:   0000000000000000 000000000000000c
0x000000000264e8c0:   00000000063e0000 00000000160dbb48
0x000000000264e8d0:   00000000063e0000 0000000000000000
0x000000000264e8e0:   00000000ff009001 0000000000000000 

Instructions: (pc=0x00000000164bf824)
0x00000000164bf804:   a7 b5 ff 84 c0 0f 84 88 00 00 00 48 8d 15 ba 04
0x00000000164bf814:   cf 00 b9 01 05 00 00 48 83 c4 28 e9 ac a4 b5 ff
0x00000000164bf824:   8b 00 f3 0f 10 42 04 f3 0f 10 4a 08 49 8b c9 48
0x00000000164bf834:   03 c9 f3 0f 10 52 0c 49 8b d1 41 89 84 c8 94 8a 


Register to memory mapping:

RAX=0x0000000000000000 is an unknown value
RBX=0x000000000642ec30 is an unknown value
RCX=0x0000000000000003 is an unknown value
RDX=0x0000000000000000 is an unknown value
RSP=0x000000000264e7f0 is pointing into the stack for thread: 0x0000000002249000
RBP=0x0000000000000000 is an unknown value
RSI=0x0000000000000000 is an unknown value
RDI=0x000000000642f08a is an unknown value
R8 =0x00000000063e0000 is an unknown value
R9 =0x0000000000000003 is an unknown value
R10=0x0000000000000000 is an unknown value
R11=0x000000001ac8dad2 is an unknown value
R12=0x0000000015800000 is an unknown value
R13=0x0000000000000000 is an unknown value
R14=0x000000000000000f is an unknown value
R15=0x0000000000000003 is an unknown value


Stack: [0x0000000002550000,0x0000000002650000],  sp=0x000000000264e7f0,  free space=1017k
Native frames: (J=compiled Java code, j=interpreted, Vv=VM code, C=native code)
C  [nvoglv64.DLL+0xcbf824]

[error occurred during error reporting (printing native stack), id 0xc0000005]

Java frames: (J=compiled Java code, j=interpreted, Vv=VM code)
j  org.lwjgl.opengl.GL11.nglDrawArrays(IIIJ)V+0
j  org.lwjgl.opengl.GL11.glDrawArrays(III)V+20
j  com.techjar.cubedesigner.util.Model.render(Lorg/lwjgl/util/Color;)V+109
j  com.techjar.cubedesigner.util.Model.render(Lcom/techjar/cubedesigner/util/Vector3;Lcom/techjar/cubedesigner/util/Quaternion;Lorg/lwjgl/util/Color;Z)Z+95
j  com.techjar.cubedesigner.util.Model.render(Lcom/techjar/cubedesigner/util/Vector3;Lcom/techjar/cubedesigner/util/Quaternion;Z)Z+20
j  com.techjar.cubedesigner.CubeDesigner.render3D()V+499
j  com.techjar.cubedesigner.CubeDesigner.render()V+76
j  com.techjar.cubedesigner.CubeDesigner.runGameLoop()V+188
j  com.techjar.cubedesigner.CubeDesigner.run()V+14
j  com.techjar.cubedesigner.CubeDesigner.start()V+326
j  com.techjar.cubedesigner.Main.main([Ljava/lang/String;)V+91
v  ~StubRoutines::call_stub

---------------  P R O C E S S  ---------------

Java Threads: ( => current thread )
  0x0000000018f2a800 JavaThread "Thread-7" [_thread_blocked, id=11852, stack(0x000000001c2f0000,0x000000001c3f0000)]
  0x0000000018f31800 JavaThread "Thread-6" [_thread_blocked, id=14048, stack(0x000000001bf90000,0x000000001c090000)]
  0x0000000019156800 JavaThread "Thread-5" daemon [_thread_in_native, id=12108, stack(0x000000001c0d0000,0x000000001c1d0000)]
  0x000000001906e800 JavaThread "org.netbeans.modules.debugger.jpda.visual AWT Access Loop" daemon [_thread_blocked, id=14060, stack(0x0000000019f10000,0x000000001a010000)]
  0x0000000019006800 JavaThread "AWT-EventQueue-0" [_thread_blocked, id=20476, stack(0x0000000019d50000,0x0000000019e50000)]
  0x0000000018ff8000 JavaThread "AWT-Windows" daemon [_thread_in_native, id=18452, stack(0x00000000199b0000,0x0000000019ab0000)]
  0x0000000018ff7000 JavaThread "AWT-Shutdown" [_thread_blocked, id=7752, stack(0x0000000019b60000,0x0000000019c60000)]
  0x0000000018eb3800 JavaThread "Java2D Disposer" daemon [_thread_blocked, id=13264, stack(0x00000000196d0000,0x00000000197d0000)]
  0x0000000011186000 JavaThread "Service Thread" daemon [_thread_blocked, id=18932, stack(0x0000000013730000,0x0000000013830000)]
  0x0000000011185800 JavaThread "C2 CompilerThread1" daemon [_thread_blocked, id=10340, stack(0x0000000013540000,0x0000000013640000)]
  0x0000000011182800 JavaThread "C2 CompilerThread0" daemon [_thread_blocked, id=8448, stack(0x00000000132d0000,0x00000000133d0000)]
  0x0000000011171800 JavaThread "JDWP Command Reader" daemon [_thread_in_native, id=11208, stack(0x00000000128b0000,0x00000000129b0000)]
  0x000000001116f800 JavaThread "JDWP Event Helper Thread" daemon [_thread_blocked, id=10944, stack(0x0000000013140000,0x0000000013240000)]
  0x0000000011160800 JavaThread "JDWP Transport Listener: dt_shmem" daemon [_thread_blocked, id=17500, stack(0x0000000012fa0000,0x00000000130a0000)]
  0x0000000011156800 JavaThread "Attach Listener" daemon [_thread_blocked, id=11292, stack(0x0000000012e30000,0x0000000012f30000)]
  0x0000000011155800 JavaThread "Signal Dispatcher" daemon [_thread_blocked, id=12076, stack(0x0000000012c30000,0x0000000012d30000)]
  0x0000000011104000 JavaThread "Finalizer" daemon [_thread_blocked, id=18076, stack(0x0000000012a40000,0x0000000012b40000)]
  0x0000000011102800 JavaThread "Reference Handler" daemon [_thread_blocked, id=17048, stack(0x0000000012770000,0x0000000012870000)]
=>0x0000000002249000 JavaThread "main" [_thread_in_native, id=7844, stack(0x0000000002550000,0x0000000002650000)]

Other Threads:
  0x000000000ff2b000 VMThread [stack: 0x0000000012570000,0x0000000012670000] [id=12228]
  0x0000000011197000 WatcherThread [stack: 0x0000000013970000,0x0000000013a70000] [id=11328]

VM state:not at safepoint (normal execution)

VM Mutex/Monitor currently owned by a thread: None

Heap
 PSYoungGen      total 76288K, used 26676K [0x00000007aaa80000, 0x00000007aff80000, 0x0000000800000000)
  eden space 65536K, 40% used [0x00000007aaa80000,0x00000007ac48d3f8,0x00000007aea80000)
  from space 10752K, 0% used [0x00000007af500000,0x00000007af500000,0x00000007aff80000)
  to   space 10752K, 0% used [0x00000007aea80000,0x00000007aea80000,0x00000007af500000)
 ParOldGen       total 174080K, used 0K [0x0000000700000000, 0x000000070aa00000, 0x00000007aaa80000)
  object space 174080K, 0% used [0x0000000700000000,0x0000000700000000,0x000000070aa00000)
 PSPermGen       total 21504K, used 12678K [0x00000006fae00000, 0x00000006fc300000, 0x0000000700000000)
  object space 21504K, 58% used [0x00000006fae00000,0x00000006fba61950,0x00000006fc300000)

Card table byte_map: [0x0000000005650000,0x0000000005e80000] byte_map_base: 0x0000000001e79000

Polling page: 0x0000000000140000

Code Cache  [0x0000000002650000, 0x00000000028c0000, 0x0000000005650000)
 total_blobs=595 nmethods=42 adapters=513 free_code_cache=48499Kb largest_free_block=49646272

Compilation events (10 events):
Event: 1.669 Thread 0x0000000011185800   38             java.io.Win32FileSystem::normalize (143 bytes)
Event: 1.673 Thread 0x0000000011185800 nmethod 38 0x00000000026f2690 code [0x00000000026f2800, 0x00000000026f2c50]
Event: 2.272 Thread 0x0000000011182800   39             java.util.ArrayList::size (5 bytes)
Event: 2.272 Thread 0x0000000011182800 nmethod 39 0x00000000026ef850 code [0x00000000026ef980, 0x00000000026ef9d8]
Event: 2.283 Thread 0x0000000011185800   40             java.util.ArrayList::rangeCheck (22 bytes)
Event: 2.283 Thread 0x0000000011182800   41             java.util.ArrayList::elementData (7 bytes)
Event: 2.283 Thread 0x0000000011185800 nmethod 40 0x00000000026f2ed0 code [0x00000000026f3000, 0x00000000026f3078]
Event: 2.284 Thread 0x0000000011182800 nmethod 41 0x00000000026efa50 code [0x00000000026efb80, 0x00000000026efc58]
Event: 2.285 Thread 0x0000000011185800   42             java.util.ArrayList::get (11 bytes)
Event: 2.285 Thread 0x0000000011185800 nmethod 42 0x00000000026f44d0 code [0x00000000026f4620, 0x00000000026f4718]

GC Heap History (0 events):
No events

Deoptimization events (1 events):
Event: 1.382 Thread 0x0000000002249000 Uncommon trap: reason=null_check action=make_not_entrant pc=0x00000000026c3864 method=java.lang.String.equals(Ljava/lang/Object;)Z @ 8

Internal exceptions (10 events):
Event: 2.288 Thread 0x0000000002249000 Threw 0x00000007ac2fada8 at C:\re\jdk7u67\1368\hotspot\src\share\vm\prims\jvm.cpp:1244
Event: 2.289 Thread 0x0000000002249000 Threw 0x00000007ac306b90 at C:\re\jdk7u67\1368\hotspot\src\share\vm\prims\jvm.cpp:1244
Event: 2.290 Thread 0x0000000002249000 Threw 0x00000007ac30f700 at C:\re\jdk7u67\1368\hotspot\src\share\vm\prims\jvm.cpp:1244
Event: 2.291 Thread 0x0000000002249000 Threw 0x00000007ac314a90 at C:\re\jdk7u67\1368\hotspot\src\share\vm\prims\jvm.cpp:1244
Event: 2.291 Thread 0x0000000002249000 Threw 0x00000007ac31ca88 at C:\re\jdk7u67\1368\hotspot\src\share\vm\prims\jvm.cpp:1244
Event: 2.293 Thread 0x0000000002249000 Threw 0x00000007ac32ef90 at C:\re\jdk7u67\1368\hotspot\src\share\vm\prims\jvm.cpp:1244
Event: 2.293 Thread 0x0000000002249000 Threw 0x00000007ac3365a8 at C:\re\jdk7u67\1368\hotspot\src\share\vm\prims\jvm.cpp:1244
Event: 2.294 Thread 0x0000000002249000 Threw 0x00000007ac339730 at C:\re\jdk7u67\1368\hotspot\src\share\vm\prims\jvm.cpp:1244
Event: 2.294 Thread 0x0000000002249000 Threw 0x00000007ac33fa70 at C:\re\jdk7u67\1368\hotspot\src\share\vm\prims\jvm.cpp:1244
Event: 2.294 Thread 0x0000000002249000 Threw 0x00000007ac342548 at C:\re\jdk7u67\1368\hotspot\src\share\vm\prims\jvm.cpp:1244

Events (10 events):
Event: 2.293 loading class 0x00000000112b48d0
Event: 2.293 loading class 0x00000000112b48d0 done
Event: 2.293 loading class 0x00000000112b4f50
Event: 2.293 loading class 0x00000000112b4f50 done
Event: 2.294 loading class 0x0000000018ff09b0
Event: 2.294 loading class 0x0000000018ff09b0 done
Event: 2.294 loading class 0x00000000190c1620
Event: 2.294 loading class 0x00000000190c1620 done
Event: 2.294 loading class 0x0000000019189ab0
Event: 2.294 loading class 0x0000000019189ab0 done


Dynamic libraries:
0x000000013f130000 - 0x000000013f163000 	C:\Program Files\Java\jdk1.7.0_67\bin\java.exe
0x0000000077be0000 - 0x0000000077d89000 	C:\Windows\SYSTEM32\ntdll.dll
0x0000000077860000 - 0x000000007797f000 	C:\Windows\system32\kernel32.dll
0x000007fefe3a0000 - 0x000007fefe40b000 	C:\Windows\system32\KERNELBASE.dll
0x000007fefe610000 - 0x000007fefe6eb000 	C:\Windows\system32\ADVAPI32.dll
0x000007feffe50000 - 0x000007feffeef000 	C:\Windows\system32\msvcrt.dll
0x000007feffc20000 - 0x000007feffc3f000 	C:\Windows\SYSTEM32\sechost.dll
0x000007fefe4e0000 - 0x000007fefe60d000 	C:\Windows\system32\RPCRT4.dll
0x0000000077980000 - 0x0000000077a7a000 	C:\Windows\system32\USER32.dll
0x000007fefed10000 - 0x000007fefed77000 	C:\Windows\system32\GDI32.dll
0x000007fefe820000 - 0x000007fefe82e000 	C:\Windows\system32\LPK.dll
0x000007fefe860000 - 0x000007fefe929000 	C:\Windows\system32\USP10.dll
0x000007fefcad0000 - 0x000007fefccc4000 	C:\Windows\WinSxS\amd64_microsoft.windows.common-controls_6595b64144ccf1df_6.0.7601.17514_none_fa396087175ac9ac\COMCTL32.dll
0x000007fefe410000 - 0x000007fefe481000 	C:\Windows\system32\SHLWAPI.dll
0x000007fefe830000 - 0x000007fefe85e000 	C:\Windows\system32\IMM32.DLL
0x000007fefed80000 - 0x000007fefee89000 	C:\Windows\system32\MSCTF.dll
0x00000000537d0000 - 0x00000000538a2000 	C:\Program Files\Java\jdk1.7.0_67\jre\bin\msvcr100.dll
0x0000000051730000 - 0x0000000051f02000 	C:\Program Files\Java\jdk1.7.0_67\jre\bin\server\jvm.dll
0x000007fefa980000 - 0x000007fefa989000 	C:\Windows\system32\WSOCK32.dll
0x000007fefe490000 - 0x000007fefe4dd000 	C:\Windows\system32\WS2_32.dll
0x000007fefe790000 - 0x000007fefe798000 	C:\Windows\system32\NSI.dll
0x000007fefb120000 - 0x000007fefb15b000 	C:\Windows\system32\WINMM.dll
0x0000000077da0000 - 0x0000000077da7000 	C:\Windows\system32\PSAPI.DLL
0x00000000662a0000 - 0x00000000662af000 	C:\Program Files\Java\jdk1.7.0_67\jre\bin\verify.dll
0x0000000053c20000 - 0x0000000053c48000 	C:\Program Files\Java\jdk1.7.0_67\jre\bin\java.dll
0x00000000545c0000 - 0x00000000545f5000 	C:\Program Files\Java\jdk1.7.0_67\jre\bin\jdwp.dll
0x0000000062b20000 - 0x0000000062b28000 	C:\Program Files\Java\jdk1.7.0_67\jre\bin\npt.dll
0x0000000053bb0000 - 0x0000000053bc5000 	C:\Program Files\Java\jdk1.7.0_67\jre\bin\zip.dll
0x00000000686f0000 - 0x00000000686fb000 	C:\Program Files\Java\jdk1.7.0_67\jre\bin\dt_shmem.dll
0x0000000054160000 - 0x0000000054179000 	C:\Program Files\Java\jdk1.7.0_67\jre\bin\net.dll
0x000007fefd230000 - 0x000007fefd246000 	C:\Windows\system32\PrxerDrv.dll
0x000007fefd850000 - 0x000007fefd8a5000 	C:\Windows\system32\mswsock.dll
0x000007fefdb70000 - 0x000007fefdb77000 	C:\Windows\System32\wship6.dll
0x00000000537b0000 - 0x00000000537c1000 	C:\Program Files\Java\jdk1.7.0_67\jre\bin\nio.dll
0x0000000180000000 - 0x0000000180051000 	C:\Users\Jarsky\Documents\NetBeansProjects\CubeDesigner\lib\native\windows\lwjgl64.dll
0x000007fef26b0000 - 0x000007fef27cd000 	C:\Windows\system32\OPENGL32.dll
0x000007fef43f0000 - 0x000007fef441d000 	C:\Windows\system32\GLU32.dll
0x000007fef25b0000 - 0x000007fef26a1000 	C:\Windows\system32\DDRAW.dll
0x000007fef4080000 - 0x000007fef4088000 	C:\Windows\system32\DCIMAN32.dll
0x000007fefea50000 - 0x000007fefec27000 	C:\Windows\system32\SETUPAPI.dll
0x000007fefe0f0000 - 0x000007fefe126000 	C:\Windows\system32\CFGMGR32.dll
0x000007fefec30000 - 0x000007fefed07000 	C:\Windows\system32\OLEAUT32.dll
0x000007feffc40000 - 0x000007feffe43000 	C:\Windows\system32\ole32.dll
0x000007fefe2e0000 - 0x000007fefe2fa000 	C:\Windows\system32\DEVOBJ.dll
0x000007fefc3b0000 - 0x000007fefc3c8000 	C:\Windows\system32\dwmapi.dll
0x000007fefd3b0000 - 0x000007fefd3bc000 	C:\Windows\system32\VERSION.dll
0x000007fefc790000 - 0x000007fefc7e6000 	C:\Windows\system32\uxtheme.dll
0x0000000053330000 - 0x0000000053364000 	D:\Fraps\fraps64.dll
0x0000000015800000 - 0x0000000017631000 	C:\Windows\system32\nvoglv64.DLL
0x000007fefee90000 - 0x000007feffc18000 	C:\Windows\system32\SHELL32.dll
0x000007fefe130000 - 0x000007fefe169000 	C:\Windows\system32\WINTRUST.dll
0x000007fefe170000 - 0x000007fefe2da000 	C:\Windows\system32\CRYPT32.dll
0x000007fefe0e0000 - 0x000007fefe0ef000 	C:\Windows\system32\MSASN1.dll
0x000007fefc380000 - 0x000007fefc3ad000 	C:\Windows\system32\ntmarta.dll
0x000007fefe9f0000 - 0x000007fefea42000 	C:\Windows\system32\WLDAP32.dll
0x0000000053610000 - 0x00000000537a5000 	C:\Program Files\Java\jdk1.7.0_67\jre\bin\awt.dll
0x000007fefdf70000 - 0x000007fefdf7f000 	C:\Windows\system32\CRYPTBASE.dll
0x00000000535c0000 - 0x0000000053607000 	C:\Program Files\Java\jdk1.7.0_67\jre\bin\fontmanager.dll
0x0000000000390000 - 0x0000000000397000 	C:\Program Files\Java\jdk1.7.0_67\jre\bin\jawt.dll
0x0000000006de0000 - 0x0000000006df6000 	C:\Users\Jarsky\Documents\NetBeansProjects\CubeDesigner\lib\native\windows\jinput-dx8_64.dll
0x000007fefbb20000 - 0x000007fefbb5c000 	C:\Windows\system32\DINPUT8.dll
0x000007fefc3d0000 - 0x000007fefc3db000 	C:\Windows\system32\HID.DLL
0x000007fefca80000 - 0x000007fefca90000 	C:\Windows\System32\pid.dll
0x0000000006e10000 - 0x0000000006e24000 	C:\Users\Jarsky\Documents\NetBeansProjects\CubeDesigner\lib\native\windows\jinput-raw_64.dll
0x0000000006f90000 - 0x0000000006ff4000 	C:\Users\Jarsky\Documents\NetBeansProjects\CubeDesigner\lib\native\windows\OpenAL64.dll
0x000007fefe6f0000 - 0x000007fefe789000 	C:\Windows\system32\CLBCatQ.DLL
0x000007fefc920000 - 0x000007fefc96b000 	C:\Windows\System32\MMDevApi.dll
0x000007fefc7f0000 - 0x000007fefc91c000 	C:\Windows\System32\PROPSYS.dll
0x000007fef5f20000 - 0x000007fef5fa8000 	C:\Windows\system32\dsound.dll
0x000007fefc970000 - 0x000007fefc99c000 	C:\Windows\system32\POWRPROF.dll
0x000007fefc2f0000 - 0x000007fefc33f000 	C:\Windows\system32\AUDIOSES.DLL
0x000007fef6bd0000 - 0x000007fef6cf5000 	C:\Windows\system32\dbghelp.dll

VM Arguments:
jvm_args: -Xdebug -Xrunjdwp:transport=dt_shmem,address=javadebug -Dfile.encoding=UTF-8 -Xmx4G 
java_command: com.techjar.cubedesigner.Main --loglevel FINEST --debug
Launcher Type: SUN_STANDARD

Environment Variables:
JAVA_HOME=C:\Program Files\Java\jdk1.7.0_67
PATH=C:\Python34\;C:\Python34\Scripts;C:\Program Files (x86)\NVIDIA Corporation\PhysX\Common;C:\Program Files\ImageMagick-6.8.6-Q16;C:\Program Files\Common Files\Microsoft Shared\Windows Live;C:\Program Files (x86)\Intel\iCLS Client\;C:\Program Files\Intel\iCLS Client\;C:\Windows\system32;C:\Windows;C:\Windows\System32\Wbem;C:\Windows\System32\WindowsPowerShell\v1.0\;C:\Program Files\Intel\Intel(R) Management Engine Components\DAL;C:\Program Files\Intel\Intel(R) Management Engine Components\IPT;C:\Program Files (x86)\Intel\Intel(R) Management Engine Components\DAL;C:\Program Files (x86)\Intel\Intel(R) Management Engine Components\IPT;C:\Program Files\TortoiseSVN\bin;C:\Program Files\Microsoft SQL Server\110\Tools\Binn\;C:\Program Files\Java\jdk1.7.0_67\bin;D:\Mah Stuff\Programs\PsTools;D:\Mah Stuff\Programs\PNGCRUSH;D:\gradle-2.1\bin;C:\Program Files\Common Files\Microsoft Shared\Windows Live;C:\Program Files (x86)\FAHClient;C:\Program Files (x86)\WinAnt\bin
USERNAME=Jarsky
OS=Windows_NT
PROCESSOR_IDENTIFIER=Intel64 Family 6 Model 45 Stepping 7, GenuineIntel



---------------  S Y S T E M  ---------------

OS: Windows 7 , 64 bit Build 7601 Service Pack 1

CPU:total 12 (6 cores per cpu, 2 threads per core) family 6 model 45 stepping 7, cmov, cx8, fxsr, mmx, sse, sse2, sse3, ssse3, sse4.1, sse4.2, popcnt, avx, aes, ht, tsc, tscinvbit, tscinv

Memory: 4k page, physical 16716216k(3147640k free), swap 33430576k(13518036k free)

vm_info: Java HotSpot(TM) 64-Bit Server VM (24.65-b04) for windows-amd64 JRE (1.7.0_67-b01), built on Jul 25 2014 08:55:00 by "java_re" with unknown MS VC++:1600

time: Thu Nov 27 20:48:06 2014
elapsed time: 2 seconds

